2025-05-03 22:59:43,324 [INFO] Activator:176 - 


2025-05-03 22:59:43,326 [INFO] Activator:177 - !SESSION log4j initialized
2025-05-03 22:59:44,774 [ERROR] LogOutputStream:75 - [STDERR_REDIRECT] 
2025-05-03 22:59:46,491 [INFO] LogOutputStream:77 - [STDOUT_REDIRECT] 
2025-05-03 22:59:47,968 [INFO] ApplicationProperties:184 - Using Application install path: /Applications/STM32CubeIDE.app/Contents/Eclipse/plugins/com.st.stm32cube.common.mx_6.14.1.202504091515
2025-05-03 22:59:47,980 [INFO] DbMcusXml:78 - Set database path to: /Applications/STM32CubeIDE.app/Contents/Eclipse/plugins/com.st.stm32cube.common.mx_6.14.1.202504091515//db//mcu/
2025-05-03 22:59:47,980 [INFO] ApiDb:274 - Set plugin database path to: /Applications/STM32CubeIDE.app/Contents/Eclipse/plugins/com.st.stm32cube.common.mx_6.14.1.202504091515//db//plugins/boardmanager/
2025-05-03 22:59:47,981 [WARN] ApiDb:259 - Overriding images path with different value:  => /Applications/STM32CubeIDE.app/Contents/Eclipse/plugins/com.st.stm32cube.common.mx_6.14.1.202504091515//db//plugins/mcufinder/images/
2025-05-03 22:59:47,986 [INFO] ApiDb:250 - Set database path to: /Users/gudise/.stmcufinder/plugins/mcufinder//mcu/
2025-05-03 22:59:47,987 [INFO] DbMcusAds:125 - Set database path to: /Users/gudise/.stmcufinder/plugins/mcufinder//mcu/
2025-05-03 22:59:47,988 [INFO] CrossReferenceDbSqlite:203 - Set database path to: /Users/gudise/.stmcufinder/plugins/mcufinder//mcu/cs/
2025-05-03 22:59:48,098 [INFO] RulesReader:64 - Compatibility file has been processed (302 Rules)
2025-05-03 22:59:48,161 [INFO] DbMcusXml:78 - Set database path to: /Applications/STM32CubeIDE.app/Contents/Eclipse/plugins/com.st.stm32cube.common.mx_6.14.1.202504091515//db//mcu/
2025-05-03 22:59:48,161 [INFO] ApiDb:274 - Set plugin database path to: /Applications/STM32CubeIDE.app/Contents/Eclipse/plugins/com.st.stm32cube.common.mx_6.14.1.202504091515//db//plugins/boardmanager/
2025-05-03 22:59:48,161 [INFO] ApiDb:261 - Set plugin images path to: /Applications/STM32CubeIDE.app/Contents/Eclipse/plugins/com.st.stm32cube.common.mx_6.14.1.202504091515//db//plugins/mcufinder/images/
2025-05-03 22:59:48,161 [WARN] DbFile:41 - Overriding database path with different value: /Users/gudise/.stmcufinder/plugins/mcufinder/ => /Users/gudise/.stmcufinder/plugins/mcufinder
2025-05-03 22:59:48,161 [INFO] ApiDb:250 - Set database path to: /Users/gudise/.stmcufinder/plugins/mcufinder//mcu/
2025-05-03 22:59:48,161 [WARN] DbFile:41 - Overriding database path with different value: /Users/gudise/.stmcufinder/plugins/mcufinder/ => /Users/gudise/.stmcufinder/plugins/mcufinder
2025-05-03 22:59:48,161 [INFO] DbMcusAds:125 - Set database path to: /Users/gudise/.stmcufinder/plugins/mcufinder//mcu/
2025-05-03 22:59:48,162 [WARN] DbFile:41 - Overriding database path with different value: /Users/gudise/.stmcufinder/plugins/mcufinder/ => /Users/gudise/.stmcufinder/plugins/mcufinder
2025-05-03 22:59:48,162 [WARN] DbFile:41 - Overriding database path with different value: /Users/gudise/.stmcufinder/plugins/mcufinder/ => /Users/gudise/.stmcufinder/plugins/mcufinder
2025-05-03 22:59:48,162 [INFO] CrossReferenceDbSqlite:203 - Set database path to: /Users/gudise/.stmcufinder/plugins/mcufinder//mcu/cs/
2025-05-03 22:59:48,218 [INFO] MainPanel:272 - HeapMemory: 377487360
2025-05-03 22:59:48,690 [INFO] DbMcusXml:78 - Set database path to: /Applications/STM32CubeIDE.app/Contents/Eclipse/plugins/com.st.stm32cube.common.mx_6.14.1.202504091515//db//mcu/
2025-05-03 22:59:48,690 [INFO] ApiDb:274 - Set plugin database path to: /Applications/STM32CubeIDE.app/Contents/Eclipse/plugins/com.st.stm32cube.common.mx_6.14.1.202504091515//db//plugins/boardmanager/
2025-05-03 22:59:48,690 [INFO] ApiDb:261 - Set plugin images path to: /Applications/STM32CubeIDE.app/Contents/Eclipse/plugins/com.st.stm32cube.common.mx_6.14.1.202504091515//db//plugins/mcufinder/images/
2025-05-03 22:59:48,690 [WARN] DbFile:41 - Overriding database path with different value: /Users/gudise/.stmcufinder/plugins/mcufinder/ => /Users/gudise/.stmcufinder/plugins/mcufinder
2025-05-03 22:59:48,690 [INFO] ApiDb:250 - Set database path to: /Users/gudise/.stmcufinder/plugins/mcufinder//mcu/
2025-05-03 22:59:48,690 [WARN] DbFile:41 - Overriding database path with different value: /Users/gudise/.stmcufinder/plugins/mcufinder/ => /Users/gudise/.stmcufinder/plugins/mcufinder
2025-05-03 22:59:48,690 [INFO] DbMcusAds:125 - Set database path to: /Users/gudise/.stmcufinder/plugins/mcufinder//mcu/
2025-05-03 22:59:48,690 [WARN] DbFile:41 - Overriding database path with different value: /Users/gudise/.stmcufinder/plugins/mcufinder/ => /Users/gudise/.stmcufinder/plugins/mcufinder
2025-05-03 22:59:48,690 [WARN] DbFile:41 - Overriding database path with different value: /Users/gudise/.stmcufinder/plugins/mcufinder/ => /Users/gudise/.stmcufinder/plugins/mcufinder
2025-05-03 22:59:48,691 [INFO] CrossReferenceDbSqlite:203 - Set database path to: /Users/gudise/.stmcufinder/plugins/mcufinder//mcu/cs/
2025-05-03 22:59:48,706 [INFO] ApplicationProperties:184 - Using Application install path: /Applications/STM32CubeIDE.app/Contents/Eclipse/plugins/com.st.stm32cube.common.mx_6.14.1.202504091515
2025-05-03 22:59:48,707 [INFO] PluginManage:196 - Search for loadable plugins [exclusion list=, ]
2025-05-03 22:59:48,708 [INFO] PluginManage:310 - Check plugin analytics
2025-05-03 22:59:48,858 [INFO] AnalyticsPlugin:253 - Accepted Software Licenses: 
2025-05-03 22:59:48,859 [INFO] AnalyticsPlugin:255 - Accepted CMSIS Pack Licenses: 
2025-05-03 22:59:48,859 [INFO] AnalyticsPlugin:257 - Accepted Firmware Licenses: 
2025-05-03 22:59:48,864 [INFO] PluginManage:359 - Loaded plugin analytics (category:tool,tabindex:-1)
2025-05-03 22:59:48,865 [INFO] PluginManage:310 - Check plugin cadmodel
2025-05-03 22:59:48,872 [INFO] CADModel:105 - Init CAD model plugin
2025-05-03 22:59:48,873 [INFO] PluginManage:359 - Loaded plugin cadmodel (category:power,tabindex:5)
2025-05-03 22:59:48,873 [INFO] PluginManage:310 - Check plugin clock
2025-05-03 22:59:48,880 [INFO] PluginManage:359 - Loaded plugin clock (category:base,tabindex:2)
2025-05-03 22:59:48,880 [INFO] PluginManage:310 - Check plugin ddr
2025-05-03 22:59:48,882 [INFO] PluginManage:359 - Loaded plugin ddr (category:tool,tabindex:6)
2025-05-03 22:59:48,882 [INFO] PluginManage:310 - Check plugin filemanager
2025-05-03 22:59:49,258 [INFO] PluginManage:359 - Loaded plugin filemanager (category:base,tabindex:10)
2025-05-03 22:59:49,262 [INFO] PluginManage:310 - Check plugin ipmanager
2025-05-03 22:59:49,280 [INFO] PluginManage:359 - Loaded plugin ipmanager (category:base,tabindex:5)
2025-05-03 22:59:49,281 [INFO] PluginManage:310 - Check plugin lpbam
2025-05-03 22:59:49,299 [INFO] PluginManage:359 - Loaded plugin lpbam (category:base,tabindex:0)
2025-05-03 22:59:49,299 [INFO] PluginManage:310 - Check plugin memorymap
2025-05-03 22:59:49,309 [INFO] PluginManage:359 - Loaded plugin memorymap (category:base,tabindex:4)
2025-05-03 22:59:49,309 [INFO] PluginManage:310 - Check plugin pinoutandconfiguration
2025-05-03 22:59:49,315 [INFO] PluginManage:359 - Loaded plugin pinoutandconfiguration (category:base,tabindex:1)
2025-05-03 22:59:49,315 [INFO] PluginManage:310 - Check plugin pinoutconfig
2025-05-03 22:59:49,385 [WARN] SupportedApi:132 - Cannot load RTOS API schema: s4s-elt-must-match.1: The content of 'definitions' must match (annotation?, (simpleType | complexType)?, (unique | key | keyref)*)). A problem was found starting at: attribute.
2025-05-03 22:59:49,537 [INFO] PluginManage:359 - Loaded plugin pinoutconfig (category:base,tabindex:0)
2025-05-03 22:59:49,537 [INFO] PluginManage:310 - Check plugin power
2025-05-03 22:59:49,545 [INFO] PluginManage:359 - Loaded plugin power (category:power,tabindex:4)
2025-05-03 22:59:49,545 [INFO] PluginManage:310 - Check plugin projectmanager
2025-05-03 22:59:49,566 [INFO] PluginManage:359 - Loaded plugin projectmanager (category:projectmanager,tabindex:4)
2025-05-03 22:59:49,566 [INFO] PluginManage:310 - Check plugin rif
2025-05-03 22:59:49,570 [INFO] PluginManage:359 - Loaded plugin rif (category:base,tabindex:3)
2025-05-03 22:59:49,571 [INFO] PluginManage:310 - Check plugin thirdparty
2025-05-03 22:59:49,690 [INFO] PluginManage:359 - Loaded plugin thirdparty (category:base,tabindex:-1)
2025-05-03 22:59:49,690 [INFO] PluginManage:310 - Check plugin tools
2025-05-03 22:59:49,689 [WARN] IntegrityCheckThread:84 - waiting for thirdparty lock release [integrity check]
2025-05-03 22:59:49,694 [INFO] PluginManage:359 - Loaded plugin tools (category:base,tabindex:7)
2025-05-03 22:59:49,694 [INFO] IntegrityCheckThread:86 - entering critical section [integrity check]
2025-05-03 22:59:49,694 [INFO] PluginManage:310 - Check plugin tutovideos
2025-05-03 22:59:49,695 [INFO] ThirdPartyUpdaterWithRetryManager:70 - Updater plugin not ready yet. [1/15]
2025-05-03 22:59:49,864 [INFO] PluginManage:359 - Loaded plugin tutovideos (category:base,tabindex:-1)
2025-05-03 22:59:49,865 [INFO] PluginManage:310 - Check plugin updater
2025-05-03 22:59:49,886 [INFO] PluginManage:359 - Loaded plugin updater (category:base,tabindex:12)
2025-05-03 22:59:49,886 [INFO] PluginManage:310 - Check plugin userauth
2025-05-03 22:59:49,890 [INFO] UserAuth:118 - Init User Auth plugin
2025-05-03 22:59:49,891 [INFO] PluginManage:359 - Loaded plugin userauth (category:base,tabindex:14)
2025-05-03 22:59:49,892 [INFO] PluginManage:283 - PluginManage : Loaded plugins [18]
2025-05-03 22:59:50,092 [INFO] PinOutPanel:1589 - setPackage(No Configuration,No Configuration)
2025-05-03 22:59:50,145 [INFO] CADModel:165 - CPN selected for project level
2025-05-03 22:59:50,145 [INFO] CADModel:114 - Register for checkConnection events
2025-05-03 22:59:50,153 [INFO] IPUIPlugin:80 - create IPUIPlugin
2025-05-03 22:59:50,153 [INFO] PluginManager:220 - loadIPPluginJar : add mdma
2025-05-03 22:59:50,157 [INFO] IPUIPlugin:80 - create IPUIPlugin
2025-05-03 22:59:50,158 [INFO] PluginManager:220 - loadIPPluginJar : add freertos
2025-05-03 22:59:50,160 [INFO] IPUIPlugin:80 - create IPUIPlugin
2025-05-03 22:59:50,160 [INFO] PluginManager:220 - loadIPPluginJar : add gic
2025-05-03 22:59:50,166 [INFO] IPUIPlugin:80 - create IPUIPlugin
2025-05-03 22:59:50,166 [INFO] PluginManager:220 - loadIPPluginJar : add adc
2025-05-03 22:59:50,167 [INFO] IPUIPlugin:80 - create IPUIPlugin
2025-05-03 22:59:50,168 [INFO] PluginManager:220 - loadIPPluginJar : add gtzc
2025-05-03 22:59:50,168 [INFO] IPUIPlugin:80 - create IPUIPlugin
2025-05-03 22:59:50,168 [INFO] PluginManager:220 - loadIPPluginJar : add quadspi
2025-05-03 22:59:50,169 [INFO] IPUIPlugin:80 - create IPUIPlugin
2025-05-03 22:59:50,169 [INFO] PluginManager:220 - loadIPPluginJar : add aes
2025-05-03 22:59:50,171 [INFO] IPUIPlugin:80 - create IPUIPlugin
2025-05-03 22:59:50,171 [INFO] PluginManager:220 - loadIPPluginJar : add pdm2pcm
2025-05-03 22:59:50,172 [INFO] IPUIPlugin:80 - create IPUIPlugin
2025-05-03 22:59:50,172 [INFO] PluginManager:220 - loadIPPluginJar : add hash
2025-05-03 22:59:50,172 [INFO] IPUIPlugin:80 - create IPUIPlugin
2025-05-03 22:59:50,172 [INFO] PluginManager:220 - loadIPPluginJar : add tim
2025-05-03 22:59:50,173 [INFO] IPUIPlugin:80 - create IPUIPlugin
2025-05-03 22:59:50,173 [INFO] PluginManager:220 - loadIPPluginJar : add tsc
2025-05-03 22:59:50,174 [INFO] IPUIPlugin:80 - create IPUIPlugin
2025-05-03 22:59:50,174 [INFO] PluginManager:220 - loadIPPluginJar : add extmemmanager
2025-05-03 22:59:50,176 [INFO] IPUIPlugin:80 - create IPUIPlugin
2025-05-03 22:59:50,176 [INFO] PluginManager:220 - loadIPPluginJar : add ts
2025-05-03 22:59:50,177 [INFO] IPUIPlugin:80 - create IPUIPlugin
2025-05-03 22:59:50,177 [INFO] PluginManager:220 - loadIPPluginJar : add radio
2025-05-03 22:59:50,178 [INFO] IPUIPlugin:80 - create IPUIPlugin
2025-05-03 22:59:50,178 [INFO] PluginManager:220 - loadIPPluginJar : add can
2025-05-03 22:59:50,179 [INFO] IPUIPlugin:80 - create IPUIPlugin
2025-05-03 22:59:50,179 [INFO] PluginManager:220 - loadIPPluginJar : add dma3
2025-05-03 22:59:50,180 [INFO] IPUIPlugin:80 - create IPUIPlugin
2025-05-03 22:59:50,180 [INFO] PluginManager:220 - loadIPPluginJar : add dfsdm
2025-05-03 22:59:50,181 [INFO] IPUIPlugin:80 - create IPUIPlugin
2025-05-03 22:59:50,181 [INFO] PluginManager:220 - loadIPPluginJar : add spi
2025-05-03 22:59:50,181 [INFO] IPUIPlugin:80 - create IPUIPlugin
2025-05-03 22:59:50,181 [INFO] PluginManager:220 - loadIPPluginJar : add gfxmmu
2025-05-03 22:59:50,183 [INFO] IPUIPlugin:80 - create IPUIPlugin
2025-05-03 22:59:50,183 [INFO] PluginManager:220 - loadIPPluginJar : add genericplugin
2025-05-03 22:59:50,184 [INFO] IPUIPlugin:80 - create IPUIPlugin
2025-05-03 22:59:50,184 [INFO] PluginManager:220 - loadIPPluginJar : add cryp
2025-05-03 22:59:50,186 [INFO] IPUIPlugin:80 - create IPUIPlugin
2025-05-03 22:59:50,186 [INFO] PluginManager:220 - loadIPPluginJar : add gpio
2025-05-03 22:59:50,188 [INFO] IPUIPlugin:80 - create IPUIPlugin
2025-05-03 22:59:50,188 [INFO] PluginManager:220 - loadIPPluginJar : add ddr_ctrl_phy
2025-05-03 22:59:50,189 [INFO] IPUIPlugin:80 - create IPUIPlugin
2025-05-03 22:59:50,189 [INFO] PluginManager:220 - loadIPPluginJar : add comp
2025-05-03 22:59:50,191 [INFO] IPUIPlugin:80 - create IPUIPlugin
2025-05-03 22:59:50,191 [INFO] PluginManager:220 - loadIPPluginJar : add tracer_emb
2025-05-03 22:59:50,193 [INFO] IPUIPlugin:80 - create IPUIPlugin
2025-05-03 22:59:50,193 [INFO] PluginManager:220 - loadIPPluginJar : add openamp
2025-05-03 22:59:50,196 [INFO] IPUIPlugin:80 - create IPUIPlugin
2025-05-03 22:59:50,196 [INFO] PluginManager:220 - loadIPPluginJar : add stm32_wpan
2025-05-03 22:59:50,199 [INFO] IPUIPlugin:80 - create IPUIPlugin
2025-05-03 22:59:50,201 [INFO] PluginManager:220 - loadIPPluginJar : add plateformsettings
2025-05-03 22:59:50,203 [INFO] IPUIPlugin:80 - create IPUIPlugin
2025-05-03 22:59:50,203 [INFO] PluginManager:220 - loadIPPluginJar : add ipddr
2025-05-03 22:59:50,204 [INFO] IPUIPlugin:80 - create IPUIPlugin
2025-05-03 22:59:50,204 [INFO] PluginManager:220 - loadIPPluginJar : add usart
2025-05-03 22:59:50,205 [INFO] IPUIPlugin:80 - create IPUIPlugin
2025-05-03 22:59:50,205 [INFO] PluginManager:220 - loadIPPluginJar : add ltdc
2025-05-03 22:59:50,207 [INFO] IPUIPlugin:80 - create IPUIPlugin
2025-05-03 22:59:50,207 [INFO] PluginManager:220 - loadIPPluginJar : add nvic
2025-05-03 22:59:50,208 [INFO] IPUIPlugin:80 - create IPUIPlugin
2025-05-03 22:59:50,208 [INFO] PluginManager:220 - loadIPPluginJar : add fatfs
2025-05-03 22:59:50,212 [INFO] IPUIPlugin:80 - create IPUIPlugin
2025-05-03 22:59:50,212 [INFO] PluginManager:220 - loadIPPluginJar : add linkedlist
2025-05-03 22:59:50,215 [INFO] IPUIPlugin:80 - create IPUIPlugin
2025-05-03 22:59:50,215 [INFO] PluginManager:220 - loadIPPluginJar : add dma
2025-05-03 22:59:50,217 [INFO] IPUIPlugin:80 - create IPUIPlugin
2025-05-03 22:59:50,217 [INFO] PluginManager:220 - loadIPPluginJar : add fmc
2025-05-03 22:59:50,218 [INFO] IPUIPlugin:80 - create IPUIPlugin
2025-05-03 22:59:50,218 [INFO] PluginManager:220 - loadIPPluginJar : add i2s
2025-05-03 22:59:50,219 [INFO] IPUIPlugin:80 - create IPUIPlugin
2025-05-03 22:59:50,219 [INFO] PluginManager:220 - loadIPPluginJar : add ucpd
2025-05-03 22:59:50,220 [INFO] IPUIPlugin:80 - create IPUIPlugin
2025-05-03 22:59:50,220 [INFO] PluginManager:220 - loadIPPluginJar : add lorawan
2025-05-03 22:59:50,221 [INFO] IPUIPlugin:80 - create IPUIPlugin
2025-05-03 22:59:50,221 [INFO] PluginManager:220 - loadIPPluginJar : add opamp
2025-05-03 22:59:50,223 [INFO] IPUIPlugin:80 - create IPUIPlugin
2025-05-03 22:59:50,223 [INFO] PluginManager:220 - loadIPPluginJar : add i3c
2025-05-03 22:59:50,224 [INFO] IPUIPlugin:80 - create IPUIPlugin
2025-05-03 22:59:50,225 [INFO] PluginManager:220 - loadIPPluginJar : add touchsensing
2025-05-03 22:59:50,226 [INFO] IPUIPlugin:80 - create IPUIPlugin
2025-05-03 22:59:50,226 [INFO] PluginManager:220 - loadIPPluginJar : add i2c
2025-05-03 22:59:50,228 [INFO] IPUIPlugin:80 - create IPUIPlugin
2025-05-03 22:59:50,228 [INFO] PluginManager:220 - loadIPPluginJar : add resmgrutility
2025-05-03 22:59:50,229 [INFO] IPUIPlugin:80 - create IPUIPlugin
2025-05-03 22:59:50,229 [INFO] PluginManager:220 - loadIPPluginJar : add sai
2025-05-03 22:59:50,230 [INFO] IPUIPlugin:80 - create IPUIPlugin
2025-05-03 22:59:50,230 [INFO] PluginManager:220 - loadIPPluginJar : add usbx
2025-05-03 22:59:50,332 [FATAL] Updater:351 - Updater called before beeing initialized
2025-05-03 22:59:50,368 [INFO] RulesReader:64 - Compatibility file has been processed (302 Rules)
2025-05-03 22:59:50,378 [INFO] RulesReader:64 - Compatibility file has been processed (302 Rules)
2025-05-03 22:59:50,391 [INFO] CADModel:165 - CPN selected for project level
2025-05-03 22:59:50,392 [INFO] CADModel:114 - Register for checkConnection events
2025-05-03 22:59:50,392 [FATAL] Updater:351 - Updater called before beeing initialized
2025-05-03 22:59:50,392 [ERROR] CADModel:125 - Updater not yet initialized, retry later 
2025-05-03 22:59:50,696 [FATAL] Updater:351 - Updater called before beeing initialized
2025-05-03 22:59:50,697 [INFO] CADModel:165 - CPN selected for project level
2025-05-03 22:59:50,698 [INFO] CADModel:114 - Register for checkConnection events
2025-05-03 22:59:50,698 [FATAL] Updater:351 - Updater called before beeing initialized
2025-05-03 22:59:50,698 [ERROR] CADModel:125 - Updater not yet initialized, retry later 
2025-05-03 22:59:50,700 [FATAL] Updater:351 - Updater called before beeing initialized
2025-05-03 22:59:50,811 [FATAL] Updater:351 - Updater called before beeing initialized
2025-05-03 22:59:50,816 [INFO] DbMcusAds:53 - JSON generation date=Thu Sep 30 12:25:09 IST 2021 (1632984909247)
2025-05-03 22:59:50,816 [FATAL] Updater:351 - Updater called before beeing initialized
2025-05-03 22:59:50,859 [WARN] DetailPanel:346 - Failed to get advertising image, set to default
2025-05-03 22:59:51,008 [FATAL] Updater:351 - Updater called before beeing initialized
2025-05-03 22:59:51,010 [FATAL] Updater:351 - Updater called before beeing initialized
2025-05-03 22:59:51,011 [FATAL] Updater:351 - Updater called before beeing initialized
2025-05-03 22:59:51,012 [WARN] DetailPanel:346 - Failed to get advertising image, set to default
2025-05-03 22:59:51,015 [FATAL] Updater:351 - Updater called before beeing initialized
2025-05-03 22:59:51,058 [ERROR] Updater:1198 - MainUpdater not yet initialized. External WinMGr cannot be set.
2025-05-03 22:59:51,065 [INFO] Updater:1134 - Updater Version found : 6.14.1
2025-05-03 22:59:51,077 [INFO] ApplicationProperties:184 - Using Application install path: /Applications/STM32CubeIDE.app/Contents/Eclipse/plugins/com.st.stm32cube.common.mx_6.14.1.202504091515
2025-05-03 22:59:51,368 [INFO] MainUpdater:2872 - connection check result : 10
2025-05-03 22:59:51,369 [INFO] MainUpdater:3566 - Updater definition file requires update
2025-05-03 22:59:51,369 [INFO] MainUpdater:289 - Updater Check For Update Now.
2025-05-03 22:59:51,369 [INFO] MicroXplorer:498 - Change Database Version : DB.6.0.141
2025-05-03 22:59:51,375 [INFO] McuFinderGlobals:63 - Set McuFinder mode to 2 (CubeIDE integrated)
2025-05-03 22:59:51,375 [INFO] UserAuth:171 - activating auth plugin
2025-05-03 22:59:51,380 [INFO] UserAuth:484 - Internet connection configuration mode: 1
2025-05-03 22:59:51,390 [INFO] JxBrowserEngine:152 - Initiate JxBrowser Engine with user profile folder
2025-05-03 22:59:51,502 [INFO] ServerAccessManage:473 - Download File updaters.zip
2025-05-03 22:59:51,612 [INFO] FileExtend:242 - Unzip File : updaters.zip
2025-05-03 22:59:51,613 [INFO] FileExtend:257 - Standard Zip Deflate
2025-05-03 22:59:51,848 [INFO] ServerAccessManage:473 - Download File PacksControlFlags.xml
2025-05-03 22:59:51,996 [INFO] ServerAccessManage:473 - Download File cubemx.pidx
2025-05-03 22:59:52,701 [WARN] MainUpdater:1193 - Updater busy. Cannot search thirdparties
2025-05-03 22:59:52,703 [INFO] ThirdPartyUpdaterWithRetryManager:96 - Updater plugin is busy. [1/15]
2025-05-03 22:59:53,044 [INFO] ServerAccessManage:473 - Download File STMicroelectronics.X-CUBE-NFC7.pdsc
2025-05-03 22:59:53,819 [WARN] PackLoader:240 - Cannot read IP mode file for STMicroelectronics.X-CUBE-NFC7.2.0.0
2025-05-03 22:59:53,841 [INFO] PopulateThirdPartyThread:66 - Ending populate Thread
2025-05-03 22:59:53,847 [INFO] ThirdParty:1030 - CMSIS Pack Vendor :STMicroelectronics X-CUBE-NFC7 2.0.0
2025-05-03 22:59:53,848 [INFO] LoadServerUpdatesThread:375 - End of LoadServerUpdate Thread
2025-05-03 22:59:53,986 [INFO] CheckServerUpdateThread:120 - End of CheckServer Thread
2025-05-03 22:59:55,818 [WARN] PackLoader:240 - Cannot read IP mode file for STMicroelectronics.FP-SNS-MOTENVWB1.1.4.0
2025-05-03 22:59:55,836 [WARN] PackLoader:240 - Cannot read IP mode file for STMicroelectronics.FP-ATR-ASTRA1.2.0.2
2025-05-03 22:59:55,853 [WARN] PackLoader:240 - Cannot read IP mode file for STMicroelectronics.X-CUBE-SMBUS.2.1.0
2025-05-03 22:59:55,894 [WARN] PackLoader:240 - Cannot read IP mode file for STMicroelectronics.X-CUBE-AZRTOS-F7.1.1.0
2025-05-03 22:59:55,968 [WARN] PackLoader:240 - Cannot read IP mode file for Infineon.AIROC-Wi-Fi-Bluetooth-STM32.1.7.0
2025-05-03 22:59:56,008 [WARN] PackLoader:240 - Cannot read IP mode file for STMicroelectronics.X-CUBE-DISPLAY.3.0.0
2025-05-03 22:59:56,052 [WARN] PackLoader:240 - Cannot read IP mode file for STMicroelectronics.X-CUBE-NFC10.1.0.0
2025-05-03 22:59:56,092 [WARN] PackLoader:240 - Cannot read IP mode file for STMicroelectronics.X-CUBE-BLEMGR.4.0.0
2025-05-03 22:59:56,122 [WARN] PackLoader:240 - Cannot read IP mode file for emotas.I-CUBE-CANOPEN.1.3.0
2025-05-03 22:59:56,134 [WARN] ConditionMgr:438 - getConditionDescription Invalid condition id : Cortex-A Device cause : null
2025-05-03 22:59:56,160 [INFO] WebApp:169 - Instantiating new browser for Auth
2025-05-03 22:59:56,164 [WARN] ConditionMgr:1044 - genDependencies : Invalid condition id : Cortex-A Device cause : null
2025-05-03 22:59:56,164 [WARN] ConditionMgr:1044 - genDependencies : Invalid condition id : Cortex-A Device cause : null
2025-05-03 22:59:56,164 [WARN] ConditionMgr:1044 - genDependencies : Invalid condition id : Cortex-A Device cause : null
2025-05-03 22:59:56,181 [WARN] PackLoader:240 - Cannot read IP mode file for STMicroelectronics.X-CUBE-AI.10.0.0
2025-05-03 22:59:56,206 [WARN] PackLoader:240 - Cannot read IP mode file for STMicroelectronics.FP-SNS-SMARTAG2.1.2.0
2025-05-03 22:59:56,226 [WARN] PackLoader:240 - Cannot read IP mode file for STMicroelectronics.FP-SNS-FLIGHT1.5.1.0
2025-05-03 22:59:56,243 [INFO] LogOutputStream:77 - [STDOUT_REDIRECT] 1 : Invalid condition id : UX_CORESTACK_Condition cause : null
2025-05-03 22:59:56,247 [INFO] LogOutputStream:77 - [STDOUT_REDIRECT] 1 : Invalid condition id : UX_CORESTACK_Condition cause : null
2025-05-03 22:59:56,247 [INFO] LogOutputStream:77 - [STDOUT_REDIRECT] 1 : Invalid condition id : UX_CORESTACK_Condition cause : null
2025-05-03 22:59:56,250 [INFO] LogOutputStream:77 - [STDOUT_REDIRECT] 1 : Invalid condition id : UX_CORESTACK_Condition cause : null
2025-05-03 22:59:56,251 [INFO] LogOutputStream:77 - [STDOUT_REDIRECT] 1 : Invalid condition id : UX_CORESTACK_Condition cause : null
2025-05-03 22:59:56,260 [WARN] PackLoader:240 - Cannot read IP mode file for STMicroelectronics.X-CUBE-AZRTOS-WL.2.0.0
2025-05-03 22:59:56,275 [WARN] PackLoader:240 - Cannot read IP mode file for STMicroelectronics.FP-SNS-MOTENV1.5.0.0
2025-05-03 22:59:56,284 [WARN] PackLoader:240 - Cannot read IP mode file for WES.I-CUBE-Cesium.1.3.0
2025-05-03 22:59:56,295 [WARN] PackLoader:240 - Cannot read IP mode file for STMicroelectronics.X-CUBE-BLE2.3.3.0
2025-05-03 22:59:56,305 [WARN] PackLoader:240 - Cannot read IP mode file for STMicroelectronics.X-CUBE-NFC9.1.0.0
2025-05-03 22:59:56,312 [WARN] PackLoader:240 - Cannot read IP mode file for STMicroelectronics.X-CUBE-BLE1.7.1.0
2025-05-03 22:59:56,318 [WARN] PackLoader:240 - Cannot read IP mode file for wolfSSL.I-CUBE-wolfMQTT.1.19.2
2025-05-03 22:59:56,402 [WARN] PackLoader:240 - Cannot read IP mode file for STMicroelectronics.X-CUBE-MEMS1.11.2.0
2025-05-03 22:59:56,532 [WARN] PackLoader:240 - Cannot read IP mode file for STMicroelectronics.X-CUBE-AZRTOS-G0.1.1.0
2025-05-03 22:59:56,583 [WARN] PackLoader:240 - Cannot read IP mode file for STMicroelectronics.X-CUBE-SAFEA1.1.2.2
2025-05-03 22:59:56,600 [WARN] PackLoader:240 - Cannot read IP mode file for STMicroelectronics.X-CUBE-NFC4.3.0.0
2025-05-03 22:59:56,640 [WARN] PackLoader:240 - Cannot read IP mode file for EmbeddedOffice.I-CUBE-FS-RTOS.1.0.1
2025-05-03 22:59:56,674 [WARN] PackLoader:240 - Cannot read IP mode file for STMicroelectronics.X-CUBE-WB05N.2.0.0
2025-05-03 22:59:56,698 [WARN] PackLoader:240 - Cannot read IP mode file for wolfSSL.I-CUBE-wolfTPM.3.8.0
2025-05-03 22:59:56,706 [WARN] PackLoader:240 - Cannot read IP mode file for STMicroelectronics.X-CUBE-TCPP.4.2.0
2025-05-03 22:59:56,717 [WARN] PackLoader:240 - Cannot read IP mode file for RealThread.X-CUBE-RT-Thread_Nano.4.1.1
2025-05-03 22:59:56,722 [WARN] PackLoader:240 - Cannot read IP mode file for STMicroelectronics.FP-ATR-SIGFOX1.3.2.0
2025-05-03 22:59:56,729 [WARN] PackLoader:240 - Cannot read IP mode file for STMicroelectronics.X-CUBE-EEPRMA1.5.1.0
2025-05-03 22:59:56,733 [WARN] PackLoader:240 - Cannot read IP mode file for wolfSSL.I-CUBE-wolfSSL.5.7.6
2025-05-03 22:59:56,737 [WARN] PackLoader:240 - Cannot read IP mode file for ITTIA_DB.I-CUBE-ITTIADB.8.9.0
2025-05-03 22:59:56,806 [WARN] PackLoader:240 - Cannot read IP mode file for SEGGER.I-CUBE-embOS.1.3.1
2025-05-03 22:59:56,871 [WARN] PackLoader:240 - Cannot read IP mode file for STMicroelectronics.X-CUBE-ALGOBUILD.1.4.0
2025-05-03 22:59:56,890 [WARN] PackLoader:240 - Cannot read IP mode file for STMicroelectronics.X-CUBE-AZRTOS-F4.1.1.0
2025-05-03 22:59:56,897 [WARN] PackLoader:240 - Cannot read IP mode file for Avnet-IotConnect.X-CUBE-IoTC-DA16k-PMOD.1.0.0
2025-05-03 22:59:56,900 [WARN] PackLoader:240 - Cannot read IP mode file for STMicroelectronics.X-CUBE-ISPU.2.1.0
2025-05-03 22:59:56,916 [WARN] PackLoader:240 - Cannot read IP mode file for STMicroelectronics.X-CUBE-AZRTOS-L5.2.0.0
2025-05-03 22:59:56,935 [WARN] PackLoader:240 - Cannot read IP mode file for STMicroelectronics.X-CUBE-NFC6.3.1.0
2025-05-03 22:59:56,943 [WARN] PackLoader:240 - Cannot read IP mode file for STMicroelectronics.X-CUBE-FREERTOS.1.3.0
2025-05-03 22:59:56,948 [WARN] PackLoader:240 - Cannot read IP mode file for STMicroelectronics.X-CUBE-NFC7.1.0.1
2025-05-03 22:59:56,956 [WARN] PackLoader:240 - Cannot read IP mode file for STMicroelectronics.X-CUBE-DPower.1.3.0
2025-05-03 22:59:56,978 [WARN] ConditionMgr:438 - getConditionDescription Invalid condition id : LAN8742 Phy interface Condition cause : null
2025-05-03 22:59:56,979 [WARN] PackLoader:240 - Cannot read IP mode file for STMicroelectronics.X-CUBE-AZRTOS-L4.2.0.0
2025-05-03 22:59:56,983 [WARN] ConditionMgr:1044 - genDependencies : Invalid condition id : LAN8742 Phy interface Condition cause : null
2025-05-03 22:59:56,984 [WARN] ConditionMgr:1044 - genDependencies : Invalid condition id : LAN8742 Phy interface Condition cause : null
2025-05-03 22:59:56,985 [WARN] ConditionMgr:1044 - genDependencies : Invalid condition id : LAN8742 Phy interface Condition cause : null
2025-05-03 22:59:56,993 [WARN] PackLoader:240 - Cannot read IP mode file for STMicroelectronics.X-CUBE-SFXS2LP1.4.0.0
2025-05-03 22:59:57,024 [WARN] PackLoader:240 - Cannot read IP mode file for STMicroelectronics.X-CUBE-AZRTOS-H7.3.3.0
2025-05-03 22:59:57,047 [WARN] ConditionMgr:438 - getConditionDescription Invalid condition id : UX DEVICE CLASS RTOS Condition cause : null
2025-05-03 22:59:57,047 [WARN] ConditionMgr:438 - getConditionDescription Invalid condition id : UX DEVICE CLASS RTOS Condition cause : null
2025-05-03 22:59:57,052 [WARN] PackLoader:240 - Cannot read IP mode file for STMicroelectronics.X-CUBE-AZRTOS-WB.2.0.0
2025-05-03 22:59:57,056 [WARN] ConditionMgr:1044 - genDependencies : Invalid condition id : UX DEVICE CLASS RTOS Condition cause : null
2025-05-03 22:59:57,056 [WARN] ConditionMgr:1044 - genDependencies : Invalid condition id : UX DEVICE CLASS RTOS Condition cause : null
2025-05-03 22:59:57,057 [WARN] ConditionMgr:1044 - genDependencies : Invalid condition id : UX DEVICE CLASS RTOS Condition cause : null
2025-05-03 22:59:57,058 [WARN] ConditionMgr:1044 - genDependencies : Invalid condition id : UX DEVICE CLASS RTOS Condition cause : null
2025-05-03 22:59:57,058 [WARN] ConditionMgr:1044 - genDependencies : Invalid condition id : UX DEVICE CLASS RTOS Condition cause : null
2025-05-03 22:59:57,072 [WARN] PackLoader:240 - Cannot read IP mode file for STMicroelectronics.X-CUBE-GNSS1.7.0.1
2025-05-03 22:59:57,083 [WARN] PackLoader:240 - Cannot read IP mode file for STMicroelectronics.X-CUBE-TOUCHGFX.4.25.0
2025-05-03 22:59:57,092 [WARN] PackLoader:240 - Cannot read IP mode file for STMicroelectronics.FP-SNS-STBOX1.2.0.0
2025-05-03 22:59:57,106 [WARN] PackLoader:240 - Cannot read IP mode file for STMicroelectronics.X-CUBE-SUBG2.5.0.0
2025-05-03 22:59:57,138 [WARN] PackLoader:240 - Cannot read IP mode file for STMicroelectronics.X-CUBE-AZRTOS-H7RS.1.1.0
2025-05-03 22:59:57,145 [WARN] PackLoader:240 - Cannot read IP mode file for Cesanta.I-CUBE-Mongoose.7.13.0
2025-05-03 22:59:57,158 [WARN] PackLoader:240 - Cannot read IP mode file for STMicroelectronics.X-CUBE-AZRTOS-G4.2.0.0
2025-05-03 22:59:57,162 [WARN] PackLoader:240 - Cannot read IP mode file for wolfSSL.I-CUBE-wolfSSH.1.4.20
2025-05-03 22:59:57,166 [WARN] PackLoader:240 - Cannot read IP mode file for STMicroelectronics.X-CUBE-NFC7.2.0.0
2025-05-03 22:59:57,180 [WARN] PackLoader:240 - Cannot read IP mode file for STMicroelectronics.X-CUBE-IPS.3.1.0
2025-05-03 22:59:57,191 [WARN] PackLoader:240 - Cannot read IP mode file for STMicroelectronics.X-CUBE-ALS.1.0.2
2025-05-03 22:59:57,197 [WARN] PackLoader:240 - Cannot read IP mode file for portGmbH.I-Cube-SoM-uGOAL.1.1.0
2025-05-03 22:59:57,207 [WARN] PackLoader:240 - Cannot read IP mode file for STMicroelectronics.X-CUBE-TOF1.3.4.3
2025-05-03 22:59:57,215 [INFO] ThirdParty:978 - Integrity check success = true
2025-05-03 22:59:57,215 [INFO] IntegrityCheckThread:100 - exiting critical section [integrity check]
2025-05-03 22:59:57,215 [INFO] IntegrityCheckThread:103 - End integrity checks thread
2025-05-03 22:59:57,625 [INFO] WebApp:463 - Apply proxy settings
2025-05-03 22:59:57,630 [INFO] WebApp:508 - Chromium authenticates against Manually configured proxy
2025-05-03 22:59:57,641 [INFO] WebApp:516 - Username used for proxy authentication: 
2025-05-03 22:59:57,680 [INFO] WebApp:894 - Register for checkConnection events
2025-05-03 22:59:57,681 [INFO] WebApp:463 - Apply proxy settings
2025-05-03 22:59:57,683 [INFO] WebApp:508 - Chromium authenticates against Manually configured proxy
2025-05-03 22:59:57,683 [INFO] WebApp:516 - Username used for proxy authentication: 
2025-05-03 22:59:57,808 [INFO] WebApp:225 - Starting web application
2025-05-03 22:59:57,808 [INFO] WebApp:593 - Web application path used /Applications/STM32CubeIDE.app/Contents/Eclipse/plugins/com.st.stm32cube.common.mx_6.14.1.202504091515/db/plugins/mcufinder/reactClient1/index.html
2025-05-03 22:59:58,349 [INFO] WebApp:191 - Connection restablished
2025-05-03 23:12:58,353 [INFO] WebApp:194 - Connection lost
2025-05-03 23:13:00,296 [INFO] WebApp:191 - Connection restablished
